Arguments: 
  E:\NodeJS\node.exe C:\Users\Admin\AppData\Roaming\npm\node_modules\yarn\bin\yarn.js add sass

PATH: 
  C:\Users\Admin\bin;C:\Program Files\Git\mingw64\bin;C:\Program Files\Git\usr\local\bin;C:\Program Files\Git\usr\bin;C:\Program Files\Git\usr\bin;C:\Program Files\Git\mingw64\bin;C:\Program Files\Git\usr\bin;C:\Users\Admin\bin;C:\Program Files\Common Files\Oracle\Java\javapath;C:\Program Files (x86)\Common Files\Intel\Shared Libraries\redist\intel64\compiler;C:\Windows\system32;C:\Windows;C:\Windows\System32\Wbem;C:\Windows\System32\WindowsPowerShell\v1.0;C:\Windows\System32\OpenSSH;C:\Program Files (x86)\NVIDIA Corporation\PhysX\Common;C:\Program Files\NVIDIA Corporation\NVIDIA NvDLISR;C:\WINDOWS\system32;C:\WINDOWS;C:\WINDOWS\System32\Wbem;C:\WINDOWS\System32\WindowsPowerShell\v1.0;C:\WINDOWS\System32\OpenSSH;C:\Program Files\Git\cmd;D:\Cong Viec\OpenSSL-Win64\bin;E:\NodeJS;C:\Users\Admin\AppData\Local\Programs\Python\Python310\Scripts;C:\Users\Admin\AppData\Local\Programs\Python\Python310;E:\Python\Scripts;E:\Python;C:\Users\Admin\AppData\Local\Microsoft\WindowsApps;E:\Microsoft VS Code\bin;C:\Users\Admin\AppData\Local\GitHubDesktop\bin;C:\Users\Admin\AppData\Roaming\npm;C:\Program Files\Git\usr\bin\vendor_perl;C:\Program Files\Git\usr\bin\core_perl

Yarn version: 
  1.22.19

Node version: 
  20.11.0

Platform: 
  win32 x64

Trace: 
  Error: EPERM: operation not permitted, unlink 'E:\Documents\practice\Nintendo\nintendo\node_modules\@next\swc-win32-x64-msvc\next-swc.win32-x64-msvc.node'

npm manifest: 
  {
    "name": "nintendo-project",
    "version": "0.1.0",
    "private": true,
    "scripts": {
      "dev": "next dev",
      "build": "next build",
      "start": "next start",
      "lint": "next lint"
    },
    "dependencies": {
      "react": "^18",
      "react-dom": "^18",
      "next": "14.2.2"
    },
    "devDependencies": {
      "typescript": "^5",
      "@types/node": "^20",
      "@types/react": "^18",
      "@types/react-dom": "^18",
      "postcss": "^8",
      "tailwindcss": "^3.4.1",
      "eslint": "^8",
      "eslint-config-next": "14.2.2"
    }
  }

yarn manifest: 
  No manifest

Lockfile: 
  No lockfile
